<?xml version="1.0" encoding="UTF-8"?>
<!-- Generated by org.testng.reporters.JUnitReportReporter -->
<testsuite hostname="DESKTOP-077G3EM" failures="0" tests="2" name="com.RingPay.TestScripts.RingPayTestScripts" time="396.136" errors="0" timestamp="2023-01-19T08:55:42 IST" skipped="0">
  <testcase classname="com.RingPay.TestScripts.RingPayTestScripts" name="User_Playstore_Flow" time="303.142"/>
  <system-out/>
  <testcase classname="com.RingPay.TestScripts.RingPayTestScripts" name="userRegistrationFlow" time="92.994"/>
  <system-out/>
</testsuite> <!-- com.RingPay.TestScripts.RingPayTestScripts -->
